[0412/152600:INFO:CONSOLE(16)] "Sat, 12 Apr 2014 13:26:00 GMT", source: https://tweetdeck.twitter.com/web/scripts/default.1f8a11a602.js (16)
[0412/152600:INFO:CONSOLE(16)] "Sat, 12 Apr 2014 13:26:00 GMT", source: https://tweetdeck.twitter.com/web/scripts/default.1f8a11a602.js (16)
[0412/152600:INFO:CONSOLE(16)] "Sat, 12 Apr 2014 13:26:00 GMT", source: https://tweetdeck.twitter.com/web/scripts/default.1f8a11a602.js (16)
[0412/152603:INFO:CONSOLE(4)] "JQMIGRATE: jQuery.parseJSON requires a valid JSON string", source: https://tweetdeck.twitter.com/web/scripts/default.1f8a11a602.js (4)
[0412/152603:INFO:CONSOLE(16)] "Sat, 12 Apr 2014 13:26:03 GMT", source: https://tweetdeck.twitter.com/web/scripts/default.1f8a11a602.js (16)
[0412/152603:INFO:CONSOLE(16)] "Sat, 12 Apr 2014 13:26:03 GMT", source: https://tweetdeck.twitter.com/web/scripts/default.1f8a11a602.js (16)
[0412/152603:INFO:CONSOLE(16)] "Sat, 12 Apr 2014 13:26:03 GMT", source: https://tweetdeck.twitter.com/web/scripts/default.1f8a11a602.js (16)
[0412/152633:INFO:CONSOLE(16)] "Sat, 12 Apr 2014 13:26:33 GMT", source: https://tweetdeck.twitter.com/web/scripts/default.1f8a11a602.js (16)
[0412/152633:WARNING:content_browser_client.cc(358)] No browser info matching process id 2 and view id 0
[0412/152633:WARNING:content_browser_client.cc(358)] No browser info matching process id 2 and view id 0
[0412/152636:INFO:CONSOLE(16)] "Sat, 12 Apr 2014 13:26:36 GMT", source: https://tweetdeck.twitter.com/web/scripts/default.1f8a11a602.js (16)
[0412/152638:WARNING:content_browser_client.cc(358)] No browser info matching process id 2 and view id 0
[0412/152638:INFO:CONSOLE(16)] "Sat, 12 Apr 2014 13:26:38 GMT", source: https://tweetdeck.twitter.com/web/scripts/default.1f8a11a602.js (16)
[0412/152638:WARNING:content_browser_client.cc(358)] No browser info matching process id 2 and view id 0
[0412/152640:INFO:CONSOLE(16)] "Sat, 12 Apr 2014 13:26:40 GMT", source: https://tweetdeck.twitter.com/web/scripts/default.1f8a11a602.js (16)
[0412/152640:INFO:CONSOLE(16)] "Sat, 12 Apr 2014 13:26:40 GMT", source: https://tweetdeck.twitter.com/web/scripts/default.1f8a11a602.js (16)
[0412/152643:INFO:CONSOLE(16)] "Sat, 12 Apr 2014 13:26:43 GMT", source: https://tweetdeck.twitter.com/web/scripts/default.1f8a11a602.js (16)
[0412/170310:INFO:CONSOLE(16)] "Sat, 12 Apr 2014 15:03:10 GMT", source: https://tweetdeck.twitter.com/web/scripts/default.1f8a11a602.js (16)
[0412/170310:INFO:CONSOLE(16)] "Sat, 12 Apr 2014 15:03:10 GMT", source: https://tweetdeck.twitter.com/web/scripts/default.1f8a11a602.js (16)
[0412/170310:INFO:CONSOLE(16)] "Sat, 12 Apr 2014 15:03:10 GMT", source: https://tweetdeck.twitter.com/web/scripts/default.1f8a11a602.js (16)
[0412/170310:INFO:CONSOLE(16)] "Sat, 12 Apr 2014 15:03:10 GMT", source: https://tweetdeck.twitter.com/web/scripts/default.1f8a11a602.js (16)
[0412/170310:INFO:CONSOLE(16)] "Sat, 12 Apr 2014 15:03:10 GMT", source: https://tweetdeck.twitter.com/web/scripts/default.1f8a11a602.js (16)
[0412/170310:INFO:CONSOLE(16)] "Sat, 12 Apr 2014 15:03:10 GMT", source: https://tweetdeck.twitter.com/web/scripts/default.1f8a11a602.js (16)
[0412/170333:INFO:CONSOLE(16)] "Sat, 12 Apr 2014 15:03:33 GMT", source: https://tweetdeck.twitter.com/web/scripts/default.1f8a11a602.js (16)
[0412/170333:WARNING:content_browser_client.cc(358)] No browser info matching process id 2 and view id 0
[0412/170333:WARNING:content_browser_client.cc(358)] No browser info matching process id 2 and view id 0
[0412/170334:WARNING:content_browser_client.cc(358)] No browser info matching process id 2 and view id 0
[0412/170334:INFO:CONSOLE(16)] "Sat, 12 Apr 2014 15:03:34 GMT", source: https://tweetdeck.twitter.com/web/scripts/default.1f8a11a602.js (16)
[0412/170334:WARNING:content_browser_client.cc(358)] No browser info matching process id 2 and view id 0
[0412/170335:INFO:CONSOLE(16)] "Sat, 12 Apr 2014 15:03:35 GMT", source: https://tweetdeck.twitter.com/web/scripts/default.1f8a11a602.js (16)
[0412/170335:INFO:CONSOLE(16)] "Sat, 12 Apr 2014 15:03:35 GMT", source: https://tweetdeck.twitter.com/web/scripts/default.1f8a11a602.js (16)
[0412/170340:INFO:CONSOLE(16)] "Sat, 12 Apr 2014 15:03:40 GMT", source: https://tweetdeck.twitter.com/web/scripts/default.1f8a11a602.js (16)
[0412/170342:INFO:CONSOLE(16)] "Sat, 12 Apr 2014 15:03:42 GMT", source: https://tweetdeck.twitter.com/web/scripts/default.1f8a11a602.js (16)
[0412/202730:INFO:CONSOLE(0)] "The page at https://tweetdeck.twitter.com/ displayed insecure content from http://v.cdn.vine.co/r/thumbs/74361416991066833556539699200_2604c73460a.0.1.47219809722671578.mp4.jpg?versionId=DjEmf3xW9WGVCPn1Bm3jdki1lpVByjlb.
", source: https://tweetdeck.twitter.com/ (0)
[0412/203057:INFO:CONSOLE(0)] "The page at https://tweetdeck.twitter.com/ displayed insecure content from http://v.cdn.vine.co/r/thumbs/0A9A9F28871063296740238753792_10563ba3539.4.8.16667473935189106337.mp4.jpg?versionId=j0RjktztrNH2c8v.yU3phaBJDkaegFBU.
", source: https://tweetdeck.twitter.com/ (0)
